<?xml version="1.0" encoding="UTF-8"?>
<testsuite xmlns:xsi="http://www.w3.org/2001/XMLSchema-instance" xsi:noNamespaceSchemaLocation="https://maven.apache.org/surefire/maven-surefire-plugin/xsd/surefire-test-report-3.0.xsd" version="3.0" name="TestSuite" time="31.722" tests="10" errors="0" skipped="0" failures="0">
  <properties>
[...]
</properties>
  <testcase name="createProjectWithMinimumLength" classname="APITests.Project.CreateProject.Negative.CreateProjectNegativeCases" time="7.358">
    <system-err><![CDATA[SLF4J: Failed to load class "org.slf4j.impl.StaticLoggerBinder".
SLF4J: Defaulting to no-operation (NOP) logger implementation
SLF4J: See http://www.slf4j.org/codes.html#StaticLoggerBinder for further details.
]]></system-err>
  </testcase>
  <testcase name="createProjectWithMaximumLength" classname="APITests.Project.CreateProject.Negative.CreateProjectNegativeCases" time="0.699"/>
  <testcase name="createProjectWithEmptyTitle" classname="APITests.Project.CreateProject.Negative.CreateProjectNegativeCases" time="0.739">
    <system-out><![CDATA[Get: {"status":false,"errorMessage":"Data is invalid.","errorFields":[{"field":"title","error":"Title is required."}]}
]]></system-out>
  </testcase>
  <testcase name="createProjectWithEmptyCode" classname="APITests.Project.CreateProject.Negative.CreateProjectNegativeCases" time="0.883"/>
  <testcase name="createProjectUnauthenticated" classname="APITests.Project.CreateProject.Negative.CreateProjectNegativeCases" time="0.827"/>
  <testcase name="deleteProjectByCode" classname="APITests.Project.DeleteProject.Positive.DeleteProjectPositiveCases" time="6.499"/>
  <testcase name="deleteProjectByCodeNegativeCaseOne" classname="APITests.Project.DeleteProject.Negative.DeleteProjectNegativeCases" time="0.757"/>
  <testcase name="deleteProjectByCodeNegativeCaseThree" classname="APITests.Project.DeleteProject.Negative.DeleteProjectNegativeCases" time="0.901"/>
  <testcase name="createTestSuitePositiveCases[Models.TestSuite@3e0600a4](1)" classname="APITests.TestSuite.CreateTestSuite.Positive.CreateTestSuitePositiveCases" time="6.458">
    <system-out><![CDATA[body{"status":true,"result":{"id":1}}
]]></system-out>
  </testcase>
  <testcase name="createTestSuitePositiveCases[Models.TestSuite@60655642](2)" classname="APITests.TestSuite.CreateTestSuite.Positive.CreateTestSuitePositiveCases" time="1.43">
    <system-out><![CDATA[body{"status":true,"result":{"id":2}}
]]></system-out>
  </testcase>
</testsuite>