<?xml version="1.0" encoding="UTF-8"?>
<!-- Generated by org.testng.reporters.JUnitXMLReporter -->
<testsuite ignored="0" hostname="MacBook-Pro-Munisa.local" failures="0" tests="8" name="/Users/munisaazimkhodjaeva/IntelliJ IDEA/Java_Programming/iTechArt_AQA/Review_Automation/NewAutomation/src/test/java/APITests/Project/CreateProject/Positive/CreateProjectPositiveCases.java" time="22.294" errors="0" timestamp="2024-05-30T11:20:06 GST">
  <testcase classname="APITests.Project.CreateProject.Positive.CreateProjectPositiveCases" name="createProjectPositiveCase" time="7.663"/>
  <testcase classname="APITests.Project.CreateProject.Positive.CreateProjectPositiveCases" name="createProjectPositiveCase" time="0.936"/>
  <testcase classname="APITests.Project.CreateProject.Negative.CreateProjectNegativeCases" name="createProjectWithMinimumLength" time="0.934"/>
  <testcase classname="APITests.Project.CreateProject.Negative.CreateProjectNegativeCases" name="createProjectWithMaximumLength" time="0.904"/>
  <testcase classname="APITests.Project.CreateProject.Negative.CreateProjectNegativeCases" name="createProjectWithEmptyTitle" time="5.71"/>
  <testcase classname="APITests.Project.CreateProject.Negative.CreateProjectNegativeCases" name="createProjectWithEmptyCode" time="0.825"/>
  <testcase classname="APITests.Project.CreateProject.Negative.CreateProjectNegativeCases" name="createProjectUnathenticated" time="0.708"/>
  <testcase classname="APITests.Project.DeleteProject.Positive.DeleteProjectPositiveCases" name="deleteProjectByCode" time="1.551"/>
</testsuite> <!-- /Users/munisaazimkhodjaeva/IntelliJ IDEA/Java_Programming/iTechArt_AQA/Review_Automation/NewAutomation/src/test/java/APITests/Project/CreateProject/Positive/CreateProjectPositiveCases.java -->
