<?xml version="1.0" encoding="UTF-8"?>
<!-- Generated by org.testng.reporters.JUnitXMLReporter -->
<testsuite ignored="1" hostname="MacBook-Pro-Munisa.local" failures="0" tests="10" name="/Users/munisaazimkhodjaeva/IntelliJ IDEA/Java_Programming/iTechArt_AQA/Review_Automation/NewAutomation/src/test/java/APITests/Project/CreateProject/Positive/CreateProjectPositiveCases.java" time="28.931" errors="0" timestamp="2024-05-31T12:04:39 GST">
  <testcase classname="APITests.Project.CreateProject.Negative.CreateProjectNegativeCases" name="createProjectWithMinimumLength" time="7.1"/>
  <testcase classname="APITests.Project.CreateProject.Negative.CreateProjectNegativeCases" name="createProjectWithMaximumLength" time="0.685"/>
  <testcase classname="APITests.Project.CreateProject.Negative.CreateProjectNegativeCases" name="createProjectWithEmptyTitle" time="0.695"/>
  <testcase classname="APITests.Project.CreateProject.Negative.CreateProjectNegativeCases" name="createProjectWithEmptyCode" time="0.768"/>
  <testcase classname="APITests.Project.CreateProject.Negative.CreateProjectNegativeCases" name="createProjectUnauthenticated" time="0.7"/>
  <testcase classname="APITests.Project.DeleteProject.Positive.DeleteProjectPositiveCases" name="deleteProjectByCode" time="6.516"/>
  <testcase classname="APITests.Project.DeleteProject.Negative.DeleteProjectNegativeCases" name="deleteProjectByCodeNegativeCaseOne" time="0.703"/>
  <testcase classname="APITests.Project.DeleteProject.Negative.DeleteProjectNegativeCases" name="deleteProjectByCodeNegativeCaseThree" time="0.711"/>
  <testcase classname="APITests.TestSuite.CreateTestSuite.Positive.CreateTestSuitePositiveCases" name="createTestSuitePositiveCases" time="5.871"/>
  <testcase classname="APITests.TestSuite.CreateTestSuite.Positive.CreateTestSuitePositiveCases" name="createTestSuitePositiveCases" time="0.922"/>
  <testcase classname="APITests.Project.CreateProject.Positive.CreateProjectPositiveCases" name="createProjectPositiveCases" time="0.0">
    <ignored/>
  </testcase> <!-- createProjectPositiveCases -->
</testsuite> <!-- /Users/munisaazimkhodjaeva/IntelliJ IDEA/Java_Programming/iTechArt_AQA/Review_Automation/NewAutomation/src/test/java/APITests/Project/CreateProject/Positive/CreateProjectPositiveCases.java -->
